[debug] [2025-03-23T21:43:19.598Z] ----------------------------------------------------------------------
[debug] [2025-03-23T21:43:19.601Z] Command:       C:\Program Files\nodejs\node.exe C:\Users\USER\AppData\Roaming\npm\node_modules\firebase-tools\lib\bin\firebase.js deploy --only functions
[debug] [2025-03-23T21:43:19.601Z] CLI Version:   13.32.0
[debug] [2025-03-23T21:43:19.602Z] Platform:      win32
[debug] [2025-03-23T21:43:19.602Z] Node Version:  v20.11.1
[debug] [2025-03-23T21:43:19.602Z] Time:          Sun Mar 23 2025 22:43:19 GMT+0100 (West Africa Standard Time)
[debug] [2025-03-23T21:43:19.602Z] ----------------------------------------------------------------------
[debug] 
[debug] [2025-03-23T21:43:20.027Z] > command requires scopes: ["email","openid","https://www.googleapis.com/auth/cloudplatformprojects.readonly","https://www.googleapis.com/auth/firebase","https://www.googleapis.com/auth/cloud-platform"]
[debug] [2025-03-23T21:43:20.028Z] > authorizing via signed-in user (emedattitus24@gmail.com)
[debug] [2025-03-23T21:43:20.028Z] [iam] checking project poplove-32987 for permissions ["cloudfunctions.functions.create","cloudfunctions.functions.delete","cloudfunctions.functions.get","cloudfunctions.functions.list","cloudfunctions.functions.update","cloudfunctions.operations.get","firebase.projects.get"]
[debug] [2025-03-23T21:43:20.031Z] Checked if tokens are valid: false, expires at: 1742766956638
[debug] [2025-03-23T21:43:20.031Z] Checked if tokens are valid: false, expires at: 1742766956638
[debug] [2025-03-23T21:43:20.032Z] > refreshing access token with scopes: []
[debug] [2025-03-23T21:43:20.034Z] >>> [apiv2][query] POST https://www.googleapis.com/oauth2/v3/token [none]
[debug] [2025-03-23T21:43:20.034Z] >>> [apiv2][body] POST https://www.googleapis.com/oauth2/v3/token [omitted]
[debug] [2025-03-23T21:43:21.126Z] <<< [apiv2][status] POST https://www.googleapis.com/oauth2/v3/token 200
[debug] [2025-03-23T21:43:21.126Z] <<< [apiv2][body] POST https://www.googleapis.com/oauth2/v3/token [omitted]
[debug] [2025-03-23T21:43:21.137Z] >>> [apiv2][query] POST https://cloudresourcemanager.googleapis.com/v1/projects/poplove-32987:testIamPermissions [none]
[debug] [2025-03-23T21:43:21.138Z] >>> [apiv2][(partial)header] POST https://cloudresourcemanager.googleapis.com/v1/projects/poplove-32987:testIamPermissions x-goog-quota-user=projects/poplove-32987
[debug] [2025-03-23T21:43:21.138Z] >>> [apiv2][body] POST https://cloudresourcemanager.googleapis.com/v1/projects/poplove-32987:testIamPermissions {"permissions":["cloudfunctions.functions.create","cloudfunctions.functions.delete","cloudfunctions.functions.get","cloudfunctions.functions.list","cloudfunctions.functions.update","cloudfunctions.operations.get","firebase.projects.get"]}
[debug] [2025-03-23T21:43:22.093Z] <<< [apiv2][status] POST https://cloudresourcemanager.googleapis.com/v1/projects/poplove-32987:testIamPermissions 200
[debug] [2025-03-23T21:43:22.093Z] <<< [apiv2][body] POST https://cloudresourcemanager.googleapis.com/v1/projects/poplove-32987:testIamPermissions {"permissions":["cloudfunctions.functions.create","cloudfunctions.functions.delete","cloudfunctions.functions.get","cloudfunctions.functions.list","cloudfunctions.functions.update","cloudfunctions.operations.get","firebase.projects.get"]}
[debug] [2025-03-23T21:43:22.094Z] Checked if tokens are valid: true, expires at: 1742769800126
[debug] [2025-03-23T21:43:22.094Z] Checked if tokens are valid: true, expires at: 1742769800126
[debug] [2025-03-23T21:43:22.095Z] >>> [apiv2][query] POST https://iam.googleapis.com/v1/projects/poplove-32987/serviceAccounts/poplove-32987@appspot.gserviceaccount.com:testIamPermissions [none]
[debug] [2025-03-23T21:43:22.095Z] >>> [apiv2][body] POST https://iam.googleapis.com/v1/projects/poplove-32987/serviceAccounts/poplove-32987@appspot.gserviceaccount.com:testIamPermissions {"permissions":["iam.serviceAccounts.actAs"]}
